{"numTotalTestSuites":1,"numPassedTestSuites":1,"numFailedTestSuites":0,"numPendingTestSuites":0,"numTotalTests":0,"numPassedTests":0,"numFailedTests":0,"numPendingTests":0,"numTodoTests":0,"snapshot":{"added":0,"failure":false,"filesAdded":0,"filesRemoved":0,"filesRemovedList":[],"filesUnmatched":0,"filesUpdated":0,"matched":0,"total":0,"unchecked":0,"uncheckedKeysByFile":[],"unmatched":0,"updated":0,"didUpdate":false},"startTime":1772001943298,"success":true,"testResults":[{"assertionResults":[],"startTime":1772001943298,"endTime":1772001943298,"status":"passed","message":"","name":"C:/Users/choud/Desktop/EasyFile_ITR/easy-itr-filing/src/lib/taxmitra/__tests__/order-csv-parser.test.ts"}]}
